<?xml version="1.0" encoding="UTF-8"?>
<!-- Generated by org.testng.reporters.JUnitReportReporter -->
<testsuite hostname="Vidhya-HP" name="roughwork.DefaultMessage" tests="1" failures="0" timestamp="23 Sep 2014 06:59:04 GMT" time="61.229" errors="0">
  <testcase name="DefaultText" time="61.229" classname="roughwork.DefaultMessage"/>
</testsuite> <!-- roughwork.DefaultMessage -->
