<?xml version="1.0" encoding="UTF-8"?>
<!-- Generated by org.testng.reporters.JUnitReportReporter -->
<testsuite hostname="Lenovo-PC" name="roughwork.LandingPagecheck" tests="1" failures="0" timestamp="22 Dec 2014 09:06:52 GMT" time="31.756" errors="0">
  <testcase name="DefaultText" time="31.756" classname="roughwork.LandingPagecheck"/>
</testsuite> <!-- roughwork.LandingPagecheck -->
