<?xml version="1.0" encoding="UTF-8"?>
<!-- Generated by org.testng.reporters.JUnitReportReporter -->
<testsuite hostname="Vidhya-HP" name="roughwork.CheckResponse" tests="1" failures="0" timestamp="17 Sep 2014 06:50:43 GMT" time="28.890" errors="0">
  <testcase name="Login" time="28.890" classname="roughwork.CheckResponse"/>
</testsuite> <!-- roughwork.CheckResponse -->
