<?xml version="1.0" encoding="UTF-8"?>
<!-- Generated by org.testng.reporters.JUnitReportReporter -->
<testsuite hostname="Vidhya-HP" name="com.qtpselenium.framework.datadriven.suiteA.Test1" tests="1" failures="0" timestamp="15 Sep 2014 14:03:28 GMT" time="0.114" errors="0">
  <testcase name="LoginTest" time="0.114" classname="com.qtpselenium.framework.datadriven.suiteA.Test1"/>
</testsuite> <!-- com.qtpselenium.framework.datadriven.suiteA.Test1 -->
