<?xml version="1.0" encoding="UTF-8"?>
<!-- Generated by org.testng.reporters.JUnitReportReporter -->
<testsuite hostname="Lenovo-PC" name="com.qtpselenium.framework.datadriven.util.SendMailTest" tests="1" failures="0" timestamp="20 Jan 2015 09:11:26 GMT" time="4.217" errors="0">
  <testcase name="sendmailtest" time="4.217" classname="com.qtpselenium.framework.datadriven.util.SendMailTest"/>
</testsuite> <!-- com.qtpselenium.framework.datadriven.util.SendMailTest -->
