<?xml version="1.0" encoding="UTF-8"?>
<!-- Generated by org.testng.reporters.JUnitReportReporter -->
<testsuite hostname="Lenovo-PC" name="com.qtpselenium.framework.datadriven.util.SendMailTest" tests="1" failures="0" timestamp="9 Feb 2015 07:19:44 GMT" time="5.196" errors="0">
  <testcase name="sendmailtest" time="5.196" classname="com.qtpselenium.framework.datadriven.util.SendMailTest"/>
</testsuite> <!-- com.qtpselenium.framework.datadriven.util.SendMailTest -->
