<?xml version="1.0" encoding="UTF-8"?>
<!-- Generated by org.testng.reporters.JUnitReportReporter -->
<testsuite hostname="Lenovo-PC" name="roughwork.UploadFilesUsingFF" tests="1" failures="0" timestamp="19 Dec 2014 09:36:40 GMT" time="18.917" errors="0">
  <testcase name="uploadfiles" time="18.917" classname="roughwork.UploadFilesUsingFF"/>
</testsuite> <!-- roughwork.UploadFilesUsingFF -->
