<?xml version="1.0" encoding="UTF-8"?>
<!-- Generated by org.testng.reporters.JUnitReportReporter -->
<testsuite hostname="Lenovo-PC" name="roughwork.Stringconcat" tests="1" failures="0" timestamp="8 Jan 2015 06:36:23 GMT" time="0.022" errors="0">
  <testcase name="logintest" time="0.022" classname="roughwork.Stringconcat"/>
</testsuite> <!-- roughwork.Stringconcat -->
