<?xml version="1.0" encoding="UTF-8"?>
<!-- Generated by org.testng.reporters.JUnitReportReporter -->
<testsuite hostname="Lenovo-PC" name="com.qtpselenium.framework.datadriven.Contacts.AddGroupTest" tests="4" failures="0" timestamp="13 Feb 2015 08:33:21 GMT" time="51.231" errors="0">
  <testcase name="addgrouptest" time="41.228" classname="com.qtpselenium.framework.datadriven.Contacts.AddGroupTest"/>
  <testcase name="addgroupCancelTest" time="3.135" classname="com.qtpselenium.framework.datadriven.Contacts.AddGroupTest"/>
  <testcase name="addgrouptest" time="3.425" classname="com.qtpselenium.framework.datadriven.Contacts.AddGroupTest"/>
  <testcase name="addgrouptest" time="3.443" classname="com.qtpselenium.framework.datadriven.Contacts.AddGroupTest"/>
</testsuite> <!-- com.qtpselenium.framework.datadriven.Contacts.AddGroupTest -->
