<?xml version="1.0" encoding="UTF-8"?>
<testsuite name="TestSuite" time="5.155" tests="9" errors="0" skipped="8" failures="0">
  <properties>
    <property name="java.runtime.name" value="Java(TM) SE Runtime Environment"/>
    <property name="sun.boot.library.path" value="C:\Program Files\Java\jdk1.8.0_20\jre\bin"/>
    <property name="java.vm.version" value="25.20-b23"/>
    <property name="java.vm.vendor" value="Oracle Corporation"/>
    <property name="java.vendor.url" value="http://java.oracle.com/"/>
    <property name="path.separator" value=";"/>
    <property name="guice.disable.misplaced.annotation.check" value="true"/>
    <property name="java.vm.name" value="Java HotSpot(TM) 64-Bit Server VM"/>
    <property name="file.encoding.pkg" value="sun.io"/>
    <property name="user.script" value=""/>
    <property name="user.country" value="IN"/>
    <property name="sun.java.launcher" value="SUN_STANDARD"/>
    <property name="sun.os.patch.level" value=""/>
    <property name="java.vm.specification.name" value="Java Virtual Machine Specification"/>
    <property name="user.dir" value="C:\Users\Vidhya\workspace\Trial\DataDriven_Framework_COTC"/>
    <property name="java.runtime.version" value="1.8.0_20-b26"/>
    <property name="java.awt.graphicsenv" value="sun.awt.Win32GraphicsEnvironment"/>
    <property name="java.endorsed.dirs" value="C:\Program Files\Java\jdk1.8.0_20\jre\lib\endorsed"/>
    <property name="os.arch" value="amd64"/>
    <property name="java.io.tmpdir" value="C:\Users\Vidhya\AppData\Local\Temp\"/>
    <property name="line.separator" value="&#10;"/>
    <property name="java.vm.specification.vendor" value="Oracle Corporation"/>
    <property name="user.variant" value=""/>
    <property name="os.name" value="Windows 8.1"/>
    <property name="classworlds.conf" value="C:\Users\Vidhya\Videos\APPIUM\Configuration\apache-maven-3.2.3\bin\m2.conf"/>
    <property name="sun.jnu.encoding" value="Cp1252"/>
    <property name="java.library.path" value="C:\Program Files\Java\jdk1.8.0_20\bin;C:\WINDOWS\Sun\Java\bin;C:\WINDOWS\system32;C:\WINDOWS;C:\ProgramData\Oracle\Java\javapath;C:\Program Files (x86)\Intel\iCLS Client\;C:\Program Files\Intel\iCLS Client\;C:\Program Files (x86)\NVIDIA Corporation\PhysX\Common;C:\WINDOWS\system32;C:\WINDOWS;C:\WINDOWS\System32\Wbem;C:\WINDOWS\System32\WindowsPowerShell\v1.0\;C:\Program Files\Intel\Intel(R) Management Engine Components\DAL;C:\Program Files\Intel\Intel(R) Management Engine Components\IPT;C:\Program Files (x86)\Intel\Intel(R) Management Engine Components\DAL;C:\Program Files (x86)\Intel\Intel(R) Management Engine Components\IPT;C:\Program Files\Intel\WiFi\bin\;C:\Program Files\Common Files\Intel\WirelessCommon\;C:\Program Files\Condusiv Technologies\ExpressCache\;C:\Program Files\TortoiseGit\bin;C:\Program Files\TortoiseSVN\bin;C:\Users\Vidhya\Videos\APPIUM\Configuration\apache-maven-3.2.3\bin;."/>
    <property name="java.specification.name" value="Java Platform API Specification"/>
    <property name="java.class.version" value="52.0"/>
    <property name="sun.management.compiler" value="HotSpot 64-Bit Tiered Compilers"/>
    <property name="os.version" value="6.3"/>
    <property name="user.home" value="C:\Users\Vidhya"/>
    <property name="user.timezone" value="Asia/Calcutta"/>
    <property name="java.awt.printerjob" value="sun.awt.windows.WPrinterJob"/>
    <property name="java.specification.version" value="1.8"/>
    <property name="file.encoding" value="Cp1252"/>
    <property name="user.name" value="Vidhya"/>
    <property name="java.class.path" value="C:\Users\Vidhya\Videos\APPIUM\Configuration\apache-maven-3.2.3\boot\plexus-classworlds-2.5.1.jar"/>
    <property name="java.vm.specification.version" value="1.8"/>
    <property name="sun.arch.data.model" value="64"/>
    <property name="java.home" value="C:\Program Files\Java\jdk1.8.0_20\jre"/>
    <property name="sun.java.command" value="org.codehaus.plexus.classworlds.launcher.Launcher test"/>
    <property name="java.specification.vendor" value="Oracle Corporation"/>
    <property name="user.language" value="en"/>
    <property name="awt.toolkit" value="sun.awt.windows.WToolkit"/>
    <property name="java.vm.info" value="mixed mode"/>
    <property name="java.version" value="1.8.0_20"/>
    <property name="java.ext.dirs" value="C:\Program Files\Java\jdk1.8.0_20\jre\lib\ext;C:\WINDOWS\Sun\Java\lib\ext"/>
    <property name="sun.boot.class.path" value="C:\Program Files\Java\jdk1.8.0_20\jre\lib\resources.jar;C:\Program Files\Java\jdk1.8.0_20\jre\lib\rt.jar;C:\Program Files\Java\jdk1.8.0_20\jre\lib\sunrsasign.jar;C:\Program Files\Java\jdk1.8.0_20\jre\lib\jsse.jar;C:\Program Files\Java\jdk1.8.0_20\jre\lib\jce.jar;C:\Program Files\Java\jdk1.8.0_20\jre\lib\charsets.jar;C:\Program Files\Java\jdk1.8.0_20\jre\lib\jfr.jar;C:\Program Files\Java\jdk1.8.0_20\jre\classes"/>
    <property name="sun.stderr.encoding" value="cp437"/>
    <property name="java.vendor" value="Oracle Corporation"/>
    <property name="maven.home" value="C:\Users\Vidhya\Videos\APPIUM\Configuration\apache-maven-3.2.3"/>
    <property name="file.separator" value="\"/>
    <property name="java.vendor.url.bug" value="http://bugreport.sun.com/bugreport/"/>
    <property name="sun.cpu.endian" value="little"/>
    <property name="sun.io.unicode.encoding" value="UnicodeLittle"/>
    <property name="sun.stdout.encoding" value="cp437"/>
    <property name="sun.desktop" value="windows"/>
    <property name="sun.cpu.isalist" value="amd64"/>
  </properties>
  <testcase name="landingpageTest" classname="com.qtpselenium.framework.datadriven.Login.LandingPageTest" time="0">
    <skipped/>
    <system-out>Starting suite Login
C:\Users\Vidhya\workspace\Trial\DataDriven_Framework_COTC\
Validating runmode for  : LandingPageTest in suite  :LoginSuite and for datamode: Y
SuiteRunMode : true
TestRunmode : false
</system-out>
  </testcase>
  <testcase name="supporttest" classname="com.qtpselenium.framework.datadriven.Login.SupportTest" time="0">
    <skipped/>
    <system-out>Current date is  20/1/2015
Current time is  2 : 43 : 26
C:\Users\Vidhya\workspace\Trial\DataDriven_Framework_COTC\
Validating runmode for  : SupportTest in suite  :LoginSuite and for datamode: Y
SuiteRunMode : true
TestRunmode : false
</system-out>
  </testcase>
  <testcase name="supporttest" classname="com.qtpselenium.framework.datadriven.Login.SupportTest" time="0">
    <skipped/>
    <system-out>Current date is  20/1/2015
Current time is  2 : 43 : 26
Validating runmode for  : SupportTest in suite  :LoginSuite and for datamode: Y
SuiteRunMode : true
TestRunmode : false
</system-out>
  </testcase>
  <testcase name="logintest" classname="com.qtpselenium.framework.datadriven.Login.LoginTest" time="0">
    <skipped/>
    <system-out>Current date is  20/1/2015
Current time is  2 : 43 : 26
Current date is  20/1/2015
Current time is  2 : 43 : 26
C:\Users\Vidhya\workspace\Trial\DataDriven_Framework_COTC\
Validating runmode for  : LoginTest in suite  :LoginSuite and for datamode: Y
SuiteRunMode : true
TestRunmode : false
</system-out>
  </testcase>
  <testcase name="forgotpasswordtest" classname="com.qtpselenium.framework.datadriven.Login.ForgotPasswordTest" time="0">
    <skipped/>
    <system-out>Current date is  20/1/2015
Current time is  2 : 43 : 26
C:\Users\Vidhya\workspace\Trial\DataDriven_Framework_COTC\
Current date is  20/1/2015
Current time is  2 : 43 : 26
Validating runmode for  : ForgotPasswordTest in suite  :LoginSuite and for datamode: Y
SuiteRunMode : true
TestRunmode : false
</system-out>
  </testcase>
  <testcase name="signuptest" classname="com.qtpselenium.framework.datadriven.Login.SignUpTest" time="0">
    <skipped/>
    <system-out>Current date is  20/1/2015
Current time is  2 : 43 : 26
C:\Users\Vidhya\workspace\Trial\DataDriven_Framework_COTC\
Validating runmode for  : SignUpTest in suite  :LoginSuite and for datamode: Y
SuiteRunMode : true
TestRunmode : false
</system-out>
  </testcase>
  <testcase name="signuptest" classname="com.qtpselenium.framework.datadriven.Login.SignUpTest" time="0">
    <skipped/>
    <system-out>Validating runmode for  : SignUpTest in suite  :LoginSuite and for datamode: Y
SuiteRunMode : true
TestRunmode : false
</system-out>
  </testcase>
  <testcase name="signuptest" classname="com.qtpselenium.framework.datadriven.Login.SignUpTest" time="0">
    <skipped/>
    <system-out>Validating runmode for  : SignUpTest in suite  :LoginSuite and for datamode: Y
SuiteRunMode : true
TestRunmode : false
</system-out>
  </testcase>
  <testcase name="sendmailtest" classname="com.qtpselenium.framework.datadriven.util.SendMailTest" time="5.155"/>
</testsuite>