<?xml version="1.0" encoding="UTF-8"?>
<!-- Generated by org.testng.reporters.JUnitReportReporter -->
<testsuite hostname="Lenovo-PC" name="com.qtpselenium.framework.datadriven.util.SendMailTest" tests="1" failures="0" timestamp="20 Jan 2015 09:13:32 GMT" time="5.155" errors="0">
  <testcase name="sendmailtest" time="5.155" classname="com.qtpselenium.framework.datadriven.util.SendMailTest"/>
</testsuite>
